<?xml version="1.0" encoding="UTF-8"?>
<!-- Generated by org.testng.reporters.JUnitReportReporter -->
<testsuite hostname="Vishman" failures="0" tests="5" name="basicTestNG.PriorityTest" time="0.032" errors="0" timestamp="2024-08-02T07:15:27 IST" skipped="1">
  <testcase classname="basicTestNG.PriorityTest" name="testcase05" time="0.009"/>
  <testcase classname="basicTestNG.PriorityTest" name="testcase10" time="0.016"/>
  <testcase classname="basicTestNG.PriorityTest" name="testcase01" time="0.003"/>
  <testcase classname="basicTestNG.PriorityTest" name="testcase03" time="0.004"/>
  <testcase classname="basicTestNG.PriorityTest" name="testcase04">
    <skipped/>
  </testcase> <!-- testcase04 -->
</testsuite> <!-- basicTestNG.PriorityTest -->
