<?xml version="1.0" encoding="UTF-8"?>
<!-- Generated by org.testng.reporters.JUnitReportReporter -->
<testsuite hostname="Vishman" failures="0" tests="3" name="basicTestNG.annotationTest" time="0.010" errors="0" timestamp="2024-08-06T13:39:41 IST" skipped="0">
  <testcase classname="basicTestNG.annotationTest" name="testcase03" time="0.002"/>
  <testcase classname="basicTestNG.annotationTest" name="testcase01" time="0.006"/>
  <testcase classname="basicTestNG.annotationTest" name="testcase02" time="0.002"/>
</testsuite> <!-- basicTestNG.annotationTest -->
