<?xml version="1.0" encoding="UTF-8"?>
<!-- Generated by org.testng.reporters.JUnitReportReporter -->
<testsuite hostname="Vishman" failures="0" tests="1" name="basicTestNG.Parameter" time="0.026" errors="0" timestamp="2024-08-02T07:36:50 IST" skipped="0">
  <testcase classname="basicTestNG.Parameter" name="testcase01" time="0.026"/>
</testsuite> <!-- basicTestNG.Parameter -->
