<?xml version="1.0" encoding="UTF-8"?>
<!-- Generated by org.testng.reporters.JUnitReportReporter -->
<testsuite hostname="Vishman" failures="0" tests="1" name="testCases.HomePageTest" time="9.692" errors="0" timestamp="2024-08-29T11:26:39 IST" skipped="0">
  <testcase classname="testCases.HomePageTest" name="verifyAllButton" time="9.692"/>
  <system-out/>
</testsuite> <!-- testCases.HomePageTest -->
