<?xml version="1.0" encoding="UTF-8"?>
<!-- Generated by org.testng.reporters.JUnitReportReporter -->
<testsuite hostname="Vishman" failures="0" tests="5" name="testCases.LoginPageTest" time="17.534" errors="0" timestamp="2024-08-29T10:42:42 IST" skipped="0">
  <testcase classname="testCases.LoginPageTest" name="verifyWithAllInvalidData" time="2.640"/>
  <system-out/>
  <testcase classname="testCases.LoginPageTest" name="loginDatas" time="4.938"/>
  <system-out/>
  <testcase classname="testCases.LoginPageTest" name="verifyWithAllInvalidData" time="4.263"/>
  <system-out/>
  <testcase classname="testCases.LoginPageTest" name="verifyWithAllInvalidData" time="2.791"/>
  <system-out/>
  <testcase classname="testCases.LoginPageTest" name="verifyLoginWithValidData" time="2.902"/>
  <system-out/>
</testsuite> <!-- testCases.LoginPageTest -->
