<?xml version="1.0" encoding="UTF-8"?>
<!-- Generated by org.testng.reporters.JUnitReportReporter -->
<testsuite hostname="Vishman" failures="0" tests="5" name="testCases.LoginPageTest" time="15.997" errors="0" timestamp="2024-08-24T15:59:59 IST" skipped="0">
  <testcase classname="testCases.LoginPageTest" name="loginDatas" time="3.783"/>
  <system-out/>
  <testcase classname="testCases.LoginPageTest" name="verifyWithAllInvalidData" time="2.632"/>
  <system-out/>
  <testcase classname="testCases.LoginPageTest" name="verifyLoginWithValidData" time="2.794"/>
  <system-out/>
  <testcase classname="testCases.LoginPageTest" name="verifyWithAllInvalidData" time="4.126"/>
  <system-out/>
  <testcase classname="testCases.LoginPageTest" name="verifyWithAllInvalidData" time="2.662"/>
  <system-out/>
</testsuite> <!-- testCases.LoginPageTest -->
