<?xml version="1.0" encoding="UTF-8"?>
<!-- Generated by org.testng.reporters.JUnitReportReporter -->
<testsuite hostname="Vishman" failures="0" tests="1" name="testCases.ManageCategoryTestPage" time="13.700" errors="0" timestamp="2024-08-27T22:05:41 IST" skipped="0">
  <testcase classname="testCases.ManageCategoryTestPage" name="verifyToAddSubCategory" time="13.700"/>
  <system-out/>
</testsuite> <!-- testCases.ManageCategoryTestPage -->
