<?xml version="1.0" encoding="UTF-8"?>
<!-- Generated by org.testng.reporters.JUnitReportReporter -->
<testsuite hostname="Vishman" failures="0" tests="2" name="testCases.HomePageTest" time="13.574" errors="0" timestamp="2024-08-23T22:35:20 IST" skipped="0">
  <testcase classname="testCases.HomePageTest" name="verifyAllButton" time="4.451"/>
  <system-out/>
  <testcase classname="testCases.HomePageTest" name="verifyAllButton" time="9.123"/>
  <system-out/>
</testsuite> <!-- testCases.HomePageTest -->
